<?xml version="1.0" encoding="UTF-8"?>
<!-- Generated by org.testng.reporters.JUnitReportReporter -->
<testsuite hostname="DESKTOP-TSIN61J" failures="0" tests="2" name="Amazon_Watch.TC01" time="21.019" errors="0" timestamp="2023-07-03T20:25:01 IST" skipped="0">
  <testcase classname="Amazon_Watch.TC01" name="WatchDetails" time="17.961"/>
  <system-out/>
  <testcase classname="Amazon_Watch.TC01" name="FifthElement" time="3.058"/>
  <system-out/>
</testsuite> <!-- Amazon_Watch.TC01 -->
